<?xml version="1.0" encoding="UTF-8"?>
<testsuite xmlns:xsi="http://www.w3.org/2001/XMLSchema-instance" xsi:noNamespaceSchemaLocation="https://maven.apache.org/surefire/maven-surefire-plugin/xsd/surefire-test-report.xsd" name="com.epam.rd.autocode.set.ProjectTest" time="0" tests="6" errors="0" skipped="0" failures="0">
  <properties>
    <property name="java.specification.version" value="23"/>
    <property name="sun.cpu.isalist" value="amd64"/>
    <property name="sun.jnu.encoding" value="Cp1251"/>
    <property name="java.class.path" value="D:\EPAM\Spetialization\project-skills-exercise\target\test-classes;D:\EPAM\Spetialization\project-skills-exercise\target\classes;C:\Users\User\.m2\repository\org\junit\jupiter\junit-jupiter-engine\5.9.1\junit-jupiter-engine-5.9.1.jar;C:\Users\User\.m2\repository\org\junit\platform\junit-platform-engine\1.9.1\junit-platform-engine-1.9.1.jar;C:\Users\User\.m2\repository\org\apiguardian\apiguardian-api\1.1.2\apiguardian-api-1.1.2.jar;C:\Users\User\.m2\repository\org\junit\jupiter\junit-jupiter-api\5.9.1\junit-jupiter-api-5.9.1.jar;C:\Users\User\.m2\repository\org\opentest4j\opentest4j\1.2.0\opentest4j-1.2.0.jar;C:\Users\User\.m2\repository\org\junit\platform\junit-platform-commons\1.9.1\junit-platform-commons-1.9.1.jar;C:\Users\User\.m2\repository\org\junit\jupiter\junit-jupiter-params\5.9.1\junit-jupiter-params-5.9.1.jar;C:\Users\User\.m2\repository\fr\inria\gforge\spoon\spoon-core\10.1.1\spoon-core-10.1.1.jar;C:\Users\User\.m2\repository\org\eclipse\jdt\org.eclipse.jdt.core\3.29.0\org.eclipse.jdt.core-3.29.0.jar;C:\Users\User\.m2\repository\com\martiansoftware\jsap\2.1\jsap-2.1.jar;C:\Users\User\.m2\repository\org\slf4j\slf4j-api\1.7.36\slf4j-api-1.7.36.jar;C:\Users\User\.m2\repository\commons-io\commons-io\2.11.0\commons-io-2.11.0.jar;C:\Users\User\.m2\repository\org\apache\maven\maven-model\4.0.0-beta-5\maven-model-4.0.0-beta-5.jar;C:\Users\User\.m2\repository\org\apache\maven\maven-api-model\4.0.0-beta-5\maven-api-model-4.0.0-beta-5.jar;C:\Users\User\.m2\repository\org\apache\maven\maven-api-xml\4.0.0-beta-5\maven-api-xml-4.0.0-beta-5.jar;C:\Users\User\.m2\repository\org\apache\maven\maven-api-meta\4.0.0-beta-5\maven-api-meta-4.0.0-beta-5.jar;C:\Users\User\.m2\repository\org\apache\maven\maven-api-impl\4.0.0-beta-5\maven-api-impl-4.0.0-beta-5.jar;C:\Users\User\.m2\repository\org\apache\maven\maven-api-core\4.0.0-beta-5\maven-api-core-4.0.0-beta-5.jar;C:\Users\User\.m2\repository\org\apache\maven\maven-api-plugin\4.0.0-beta-5\maven-api-plugin-4.0.0-beta-5.jar;C:\Users\User\.m2\repository\org\apache\maven\maven-api-spi\4.0.0-beta-5\maven-api-spi-4.0.0-beta-5.jar;C:\Users\User\.m2\repository\org\apache\maven\maven-api-metadata\4.0.0-beta-5\maven-api-metadata-4.0.0-beta-5.jar;C:\Users\User\.m2\repository\org\apache\maven\maven-api-toolchain\4.0.0-beta-5\maven-api-toolchain-4.0.0-beta-5.jar;C:\Users\User\.m2\repository\org\apache\maven\maven-api-di\4.0.0-beta-5\maven-api-di-4.0.0-beta-5.jar;C:\Users\User\.m2\repository\org\apache\maven\maven-api-settings\4.0.0-beta-5\maven-api-settings-4.0.0-beta-5.jar;C:\Users\User\.m2\repository\org\apache\maven\maven-di\4.0.0-beta-5\maven-di-4.0.0-beta-5.jar;C:\Users\User\.m2\repository\org\apache\maven\resolver\maven-resolver-api\2.0.2\maven-resolver-api-2.0.2.jar;C:\Users\User\.m2\repository\org\apache\maven\resolver\maven-resolver-spi\2.0.2\maven-resolver-spi-2.0.2.jar;C:\Users\User\.m2\repository\com\google\code\gson\gson\2.11.0\gson-2.11.0.jar;C:\Users\User\.m2\repository\org\apache\maven\resolver\maven-resolver-util\2.0.2\maven-resolver-util-2.0.2.jar;C:\Users\User\.m2\repository\org\apache\maven\maven-xml-impl\4.0.0-beta-5\maven-xml-impl-4.0.0-beta-5.jar;C:\Users\User\.m2\repository\com\fasterxml\woodstox\woodstox-core\7.0.0\woodstox-core-7.0.0.jar;C:\Users\User\.m2\repository\org\codehaus\woodstox\stax2-api\4.2.2\stax2-api-4.2.2.jar;C:\Users\User\.m2\repository\org\apache\maven\resolver\maven-resolver-impl\2.0.2\maven-resolver-impl-2.0.2.jar;C:\Users\User\.m2\repository\org\apache\maven\resolver\maven-resolver-named-locks\2.0.2\maven-resolver-named-locks-2.0.2.jar;C:\Users\User\.m2\repository\org\codehaus\plexus\plexus-xml\4.0.4\plexus-xml-4.0.4.jar;C:\Users\User\.m2\repository\org\apache\commons\commons-lang3\3.12.0\commons-lang3-3.12.0.jar;C:\Users\User\.m2\repository\com\fasterxml\jackson\core\jackson-databind\2.13.2.2\jackson-databind-2.13.2.2.jar;C:\Users\User\.m2\repository\com\fasterxml\jackson\core\jackson-annotations\2.13.2\jackson-annotations-2.13.2.jar;C:\Users\User\.m2\repository\com\fasterxml\jackson\core\jackson-core\2.13.2\jackson-core-2.13.2.jar;C:\Users\User\.m2\repository\org\apache\commons\commons-compress\1.21\commons-compress-1.21.jar;C:\Users\User\.m2\repository\org\apache\maven\shared\maven-invoker\3.1.0\maven-invoker-3.1.0.jar;C:\Users\User\.m2\repository\org\apache\maven\shared\maven-shared-utils\3.3.3\maven-shared-utils-3.3.3.jar;C:\Users\User\.m2\repository\javax\inject\javax.inject\1\javax.inject-1.jar;C:\Users\User\.m2\repository\org\apache\bcel\bcel\6.6.1\bcel-6.6.1.jar;"/>
    <property name="java.vm.vendor" value="Oracle Corporation"/>
    <property name="sun.arch.data.model" value="64"/>
    <property name="user.variant" value=""/>
    <property name="java.vendor.url" value="https://java.oracle.com/"/>
    <property name="user.timezone" value="Europe/Sofia"/>
    <property name="user.country.format" value="BG"/>
    <property name="os.name" value="Windows 10"/>
    <property name="java.vm.specification.version" value="23"/>
    <property name="sun.java.launcher" value="SUN_STANDARD"/>
    <property name="user.country" value="US"/>
    <property name="sun.boot.library.path" value="C:\Users\User\.jdks\openjdk-23\bin"/>
    <property name="sun.java.command" value="C:\Users\User\AppData\Local\Temp\surefire9029043573439682154\surefirebooter10613241272214632726.jar C:\Users\User\AppData\Local\Temp\surefire9029043573439682154 2024-11-18T16-15-14_452-jvmRun1 surefire12844274532179408060tmp surefire_08426574179904673624tmp"/>
    <property name="jdk.debug" value="release"/>
    <property name="surefire.test.class.path" value="D:\EPAM\Spetialization\project-skills-exercise\target\test-classes;D:\EPAM\Spetialization\project-skills-exercise\target\classes;C:\Users\User\.m2\repository\org\junit\jupiter\junit-jupiter-engine\5.9.1\junit-jupiter-engine-5.9.1.jar;C:\Users\User\.m2\repository\org\junit\platform\junit-platform-engine\1.9.1\junit-platform-engine-1.9.1.jar;C:\Users\User\.m2\repository\org\apiguardian\apiguardian-api\1.1.2\apiguardian-api-1.1.2.jar;C:\Users\User\.m2\repository\org\junit\jupiter\junit-jupiter-api\5.9.1\junit-jupiter-api-5.9.1.jar;C:\Users\User\.m2\repository\org\opentest4j\opentest4j\1.2.0\opentest4j-1.2.0.jar;C:\Users\User\.m2\repository\org\junit\platform\junit-platform-commons\1.9.1\junit-platform-commons-1.9.1.jar;C:\Users\User\.m2\repository\org\junit\jupiter\junit-jupiter-params\5.9.1\junit-jupiter-params-5.9.1.jar;C:\Users\User\.m2\repository\fr\inria\gforge\spoon\spoon-core\10.1.1\spoon-core-10.1.1.jar;C:\Users\User\.m2\repository\org\eclipse\jdt\org.eclipse.jdt.core\3.29.0\org.eclipse.jdt.core-3.29.0.jar;C:\Users\User\.m2\repository\com\martiansoftware\jsap\2.1\jsap-2.1.jar;C:\Users\User\.m2\repository\org\slf4j\slf4j-api\1.7.36\slf4j-api-1.7.36.jar;C:\Users\User\.m2\repository\commons-io\commons-io\2.11.0\commons-io-2.11.0.jar;C:\Users\User\.m2\repository\org\apache\maven\maven-model\4.0.0-beta-5\maven-model-4.0.0-beta-5.jar;C:\Users\User\.m2\repository\org\apache\maven\maven-api-model\4.0.0-beta-5\maven-api-model-4.0.0-beta-5.jar;C:\Users\User\.m2\repository\org\apache\maven\maven-api-xml\4.0.0-beta-5\maven-api-xml-4.0.0-beta-5.jar;C:\Users\User\.m2\repository\org\apache\maven\maven-api-meta\4.0.0-beta-5\maven-api-meta-4.0.0-beta-5.jar;C:\Users\User\.m2\repository\org\apache\maven\maven-api-impl\4.0.0-beta-5\maven-api-impl-4.0.0-beta-5.jar;C:\Users\User\.m2\repository\org\apache\maven\maven-api-core\4.0.0-beta-5\maven-api-core-4.0.0-beta-5.jar;C:\Users\User\.m2\repository\org\apache\maven\maven-api-plugin\4.0.0-beta-5\maven-api-plugin-4.0.0-beta-5.jar;C:\Users\User\.m2\repository\org\apache\maven\maven-api-spi\4.0.0-beta-5\maven-api-spi-4.0.0-beta-5.jar;C:\Users\User\.m2\repository\org\apache\maven\maven-api-metadata\4.0.0-beta-5\maven-api-metadata-4.0.0-beta-5.jar;C:\Users\User\.m2\repository\org\apache\maven\maven-api-toolchain\4.0.0-beta-5\maven-api-toolchain-4.0.0-beta-5.jar;C:\Users\User\.m2\repository\org\apache\maven\maven-api-di\4.0.0-beta-5\maven-api-di-4.0.0-beta-5.jar;C:\Users\User\.m2\repository\org\apache\maven\maven-api-settings\4.0.0-beta-5\maven-api-settings-4.0.0-beta-5.jar;C:\Users\User\.m2\repository\org\apache\maven\maven-di\4.0.0-beta-5\maven-di-4.0.0-beta-5.jar;C:\Users\User\.m2\repository\org\apache\maven\resolver\maven-resolver-api\2.0.2\maven-resolver-api-2.0.2.jar;C:\Users\User\.m2\repository\org\apache\maven\resolver\maven-resolver-spi\2.0.2\maven-resolver-spi-2.0.2.jar;C:\Users\User\.m2\repository\com\google\code\gson\gson\2.11.0\gson-2.11.0.jar;C:\Users\User\.m2\repository\org\apache\maven\resolver\maven-resolver-util\2.0.2\maven-resolver-util-2.0.2.jar;C:\Users\User\.m2\repository\org\apache\maven\maven-xml-impl\4.0.0-beta-5\maven-xml-impl-4.0.0-beta-5.jar;C:\Users\User\.m2\repository\com\fasterxml\woodstox\woodstox-core\7.0.0\woodstox-core-7.0.0.jar;C:\Users\User\.m2\repository\org\codehaus\woodstox\stax2-api\4.2.2\stax2-api-4.2.2.jar;C:\Users\User\.m2\repository\org\apache\maven\resolver\maven-resolver-impl\2.0.2\maven-resolver-impl-2.0.2.jar;C:\Users\User\.m2\repository\org\apache\maven\resolver\maven-resolver-named-locks\2.0.2\maven-resolver-named-locks-2.0.2.jar;C:\Users\User\.m2\repository\org\codehaus\plexus\plexus-xml\4.0.4\plexus-xml-4.0.4.jar;C:\Users\User\.m2\repository\org\apache\commons\commons-lang3\3.12.0\commons-lang3-3.12.0.jar;C:\Users\User\.m2\repository\com\fasterxml\jackson\core\jackson-databind\2.13.2.2\jackson-databind-2.13.2.2.jar;C:\Users\User\.m2\repository\com\fasterxml\jackson\core\jackson-annotations\2.13.2\jackson-annotations-2.13.2.jar;C:\Users\User\.m2\repository\com\fasterxml\jackson\core\jackson-core\2.13.2\jackson-core-2.13.2.jar;C:\Users\User\.m2\repository\org\apache\commons\commons-compress\1.21\commons-compress-1.21.jar;C:\Users\User\.m2\repository\org\apache\maven\shared\maven-invoker\3.1.0\maven-invoker-3.1.0.jar;C:\Users\User\.m2\repository\org\apache\maven\shared\maven-shared-utils\3.3.3\maven-shared-utils-3.3.3.jar;C:\Users\User\.m2\repository\javax\inject\javax.inject\1\javax.inject-1.jar;C:\Users\User\.m2\repository\org\apache\bcel\bcel\6.6.1\bcel-6.6.1.jar;"/>
    <property name="sun.cpu.endian" value="little"/>
    <property name="user.home" value="C:\Users\User"/>
    <property name="user.language" value="en"/>
    <property name="java.specification.vendor" value="Oracle Corporation"/>
    <property name="java.version.date" value="2024-09-17"/>
    <property name="java.home" value="C:\Users\User\.jdks\openjdk-23"/>
    <property name="file.separator" value="\"/>
    <property name="basedir" value="D:\EPAM\Spetialization\project-skills-exercise"/>
    <property name="java.vm.compressedOopsMode" value="Zero based"/>
    <property name="line.separator" value="&#10;"/>
    <property name="java.vm.specification.vendor" value="Oracle Corporation"/>
    <property name="java.specification.name" value="Java Platform API Specification"/>
    <property name="surefire.real.class.path" value="C:\Users\User\AppData\Local\Temp\surefire9029043573439682154\surefirebooter10613241272214632726.jar"/>
    <property name="user.script" value=""/>
    <property name="sun.management.compiler" value="HotSpot 64-Bit Tiered Compilers"/>
    <property name="java.runtime.version" value="23+37-2369"/>
    <property name="user.name" value="User"/>
    <property name="stdout.encoding" value="Cp1251"/>
    <property name="path.separator" value=";"/>
    <property name="os.version" value="10.0"/>
    <property name="java.runtime.name" value="OpenJDK Runtime Environment"/>
    <property name="file.encoding" value="UTF-8"/>
    <property name="java.vm.name" value="OpenJDK 64-Bit Server VM"/>
    <property name="localRepository" value="C:\Users\User\.m2\repository"/>
    <property name="java.vendor.url.bug" value="https://bugreport.java.com/bugreport/"/>
    <property name="java.io.tmpdir" value="C:\Users\User\AppData\Local\Temp\"/>
    <property name="idea.version" value="2024.2.2"/>
    <property name="java.version" value="23"/>
    <property name="user.dir" value="D:\EPAM\Spetialization\project-skills-exercise"/>
    <property name="os.arch" value="amd64"/>
    <property name="java.vm.specification.name" value="Java Virtual Machine Specification"/>
    <property name="user.language.format" value="bg"/>
    <property name="sun.os.patch.level" value=""/>
    <property name="native.encoding" value="Cp1251"/>
    <property name="java.library.path" value="C:\Users\User\.jdks\openjdk-23\bin;C:\Windows\Sun\Java\bin;C:\Windows\system32;C:\Windows;C:\Program Files\Common Files\Oracle\Java\javapath;C:\Windows\system32;C:\Windows;C:\Windows\System32\Wbem;C:\Windows\System32\WindowsPowerShell\v1.0\;C:\Windows\System32\OpenSSH\;C:\Program Files\dotnet\;C:\Program Files\NVIDIA Corporation\NVIDIA NvDLISR;C:\Program Files\Git\cmd;C:\Program Files\Git\mingw64\bin;C:\Program Files\Git\usr\bin;C:\Program Files\Microsoft SQL Server\150\Tools\Binn\;C:\Program Files\nodejs\;C:\Program Files\Microsoft SQL Server\Client SDK\ODBC\170\Tools\Binn\;%MAVEN_HOME%\bin;C:\Program Files\apache-maven-3.9.8-bin\apache-maven-3.9.8\bin;C:\Program Files\Java\jdk-19\bin;C:\Program Files\MySQL\MySQL Server 8.0\bin;C:\Users\User\AppData\Roaming\npm;C:\Users\User\AppData\Local\Programs\Microsoft VS Code\bin;C:\Users\User\.dotnet\tools;C:\Program Files\Java\jdk-19\bin;D:\webdriver;;."/>
    <property name="java.vm.info" value="mixed mode, sharing"/>
    <property name="stderr.encoding" value="Cp1251"/>
    <property name="java.vendor" value="Oracle Corporation"/>
    <property name="java.vm.version" value="23+37-2369"/>
    <property name="sun.io.unicode.encoding" value="UnicodeLittle"/>
    <property name="java.class.version" value="67.0"/>
  </properties>
  <testcase name="test1" classname="com.epam.rd.autocode.set.ProjectTest" time="0"/>
  <testcase name="test2" classname="com.epam.rd.autocode.set.ProjectTest" time="0"/>
  <testcase name="test3" classname="com.epam.rd.autocode.set.ProjectTest" time="0"/>
  <testcase name="test4" classname="com.epam.rd.autocode.set.ProjectTest" time="0"/>
  <testcase name="test5" classname="com.epam.rd.autocode.set.ProjectTest" time="0"/>
  <testcase name="test6" classname="com.epam.rd.autocode.set.ProjectTest" time="0"/>
</testsuite>